<?xml version="1.0" encoding="UTF-8"?>
<!-- Generated by org.testng.reporters.JUnitReportReporter -->
<testsuite hostname="DESKTOP-22M81PC" failures="0" tests="1" name="com.login.login" time="5.902" errors="0" timestamp="2025-02-17T21:29:56 IST" skipped="0">
  <testcase classname="com.login.login" name="Login" time="5.902"/>
  <system-out/>
</testsuite> <!-- com.login.login -->
