<?xml version="1.0" encoding="UTF-8"?>
<!-- Generated by org.testng.reporters.JUnitReportReporter -->
<testsuite hostname="DESKTOP-22M81PC" failures="0" tests="1" name="com.checkout.checkout" time="0.000" errors="0" timestamp="2025-02-17T21:29:56 IST" skipped="1">
  <testcase classname="com.checkout.checkout" name="test" time="0.000">
    <skipped/>
  </testcase> <!-- test -->
  <system-out/>
</testsuite> <!-- com.checkout.checkout -->
